
--------------------------------------------------
Tipo de Mensaje: Error critico (ERROR)
Fecha: 12/08/2018 04:19:40
Mensaje: No existe servicio a eliminar.
Codigo: Error desconocido
Ruta Solicitud: /clientesPodologiaMIP/?ctx=AGENTE&app=mantenedores/servicios
Exception: Exception Object
(
    [message:protected] => No existe servicio a eliminar.
    [string:Exception:private] => 
    [code:protected] => 0
    [file:protected] => C:\xampp\htdocs\clientesPodologiaMIP\clases\DAO\ServiciosDAO.php
    [line:protected] => 34
    [trace:Exception:private] => Array
        (
            [0] => Array
                (
                    [file] => C:\xampp\htdocs\clientesPodologiaMIP\app\AGENTE\mantenedores\servicios.php
                    [line] => 11
                    [function] => eliminarServicioById
                    [class] => ServiciosDAO
                    [type] => ->
                    [args] => Array
                        (
                            [0] => 3
                        )

                )

            [1] => Array
                (
                    [file] => C:\xampp\htdocs\clientesPodologiaMIP\index.php
                    [line] => 18
                    [args] => Array
                        (
                            [0] => C:\xampp\htdocs\clientesPodologiaMIP\app\AGENTE\mantenedores\servicios.php
                        )

                    [function] => require_once
                )

        )

    [previous:Exception:private] => 
)
HTTP Var: Array
(
    [SESSION] => Array
        (
            [USUARIO] => Array
                (
                    [id] => 1
                    [grupo] => 3
                    [email] => test@gmail.com
                    [nombre] => francisca
                    [CTX] => AGENTE
                )

        )

    [COOKIE] => Array
        (
            [PHPSESSID] => q9pqd2247ifm7srt5k3see7io2
            [_ga] => GA1.1.575805408.1534034543
            [_gid] => GA1.1.690676955.1534034543
        )

    [POST] => Array
        (
            [id] => 3
            [Submit] => Eliminar
        )

    [GET] => Array
        (
            [ctx] => AGENTE
            [app] => mantenedores/servicios
        )

    [SERVER] => Array
        (
            [MIBDIRS] => C:/xampp/php/extras/mibs
            [MYSQL_HOME] => \xampp\mysql\bin
            [OPENSSL_CONF] => C:/xampp/apache/bin/openssl.cnf
            [PHP_PEAR_SYSCONF_DIR] => \xampp\php
            [PHPRC] => \xampp\php
            [TMP] => \xampp\tmp
            [HTTP_HOST] => localhost
            [HTTP_CONNECTION] => keep-alive
            [CONTENT_LENGTH] => 20
            [HTTP_CACHE_CONTROL] => max-age=0
            [HTTP_UPGRADE_INSECURE_REQUESTS] => 1
            [HTTP_USER_AGENT] => Mozilla/5.0 (Windows NT 10.0; Win64; x64) AppleWebKit/537.36 (KHTML, like Gecko) Chrome/68.0.3440.106 Safari/537.36
            [HTTP_ORIGIN] => http://localhost
            [CONTENT_TYPE] => application/x-www-form-urlencoded
            [HTTP_ACCEPT] => text/html,application/xhtml+xml,application/xml;q=0.9,image/webp,image/apng,*/*;q=0.8
            [HTTP_REFERER] => http://localhost/clientesPodologiaMIP/?ctx=AGENTE&app=mantenedores/servicios
            [HTTP_ACCEPT_ENCODING] => gzip, deflate, br
            [HTTP_ACCEPT_LANGUAGE] => es-ES,es;q=0.9
            [HTTP_COOKIE] => PHPSESSID=q9pqd2247ifm7srt5k3see7io2; _ga=GA1.1.575805408.1534034543; _gid=GA1.1.690676955.1534034543
            [PATH] => C:\Program Files (x86)\NVIDIA Corporation\PhysX\Common;C:\ProgramData\Oracle\Java\javapath;C:\WINDOWS\system32;C:\WINDOWS;C:\WINDOWS\System32\Wbem;C:\WINDOWS\System32\WindowsPowerShell\v1.0\;C:\Program Files\Git\cmd;C:\xampp\php;C:\composer;C:\Program Files (x86)\Skype\Phone\;C:\JMeter\bin;C:\Program Files\Java\jre1.8.0_111\bin;C:\Users\enriq\AppData\Local\Microsoft\WindowsApps;C:\Users\enriq\AppData\Roaming\Composer\vendor\bin;C:\Program Files\Microsoft VS Code\bin
            [SystemRoot] => C:\WINDOWS
            [COMSPEC] => C:\WINDOWS\system32\cmd.exe
            [PATHEXT] => .COM;.EXE;.BAT;.CMD;.VBS;.VBE;.JS;.JSE;.WSF;.WSH;.MSC
            [WINDIR] => C:\WINDOWS
            [SERVER_SIGNATURE] => <address>Apache/2.4.33 (Win32) OpenSSL/1.1.0h PHP/7.2.6 Server at localhost Port 80</address>

            [SERVER_SOFTWARE] => Apache/2.4.33 (Win32) OpenSSL/1.1.0h PHP/7.2.6
            [SERVER_NAME] => localhost
            [SERVER_ADDR] => ::1
            [SERVER_PORT] => 80
            [REMOTE_ADDR] => ::1
            [DOCUMENT_ROOT] => C:/xampp/htdocs
            [REQUEST_SCHEME] => http
            [CONTEXT_PREFIX] => 
            [CONTEXT_DOCUMENT_ROOT] => C:/xampp/htdocs
            [SERVER_ADMIN] => postmaster@localhost
            [SCRIPT_FILENAME] => C:/xampp/htdocs/clientesPodologiaMIP/index.php
            [REMOTE_PORT] => 62821
            [GATEWAY_INTERFACE] => CGI/1.1
            [SERVER_PROTOCOL] => HTTP/1.1
            [REQUEST_METHOD] => POST
            [QUERY_STRING] => ctx=AGENTE&app=mantenedores/servicios
            [REQUEST_URI] => /clientesPodologiaMIP/?ctx=AGENTE&app=mantenedores/servicios
            [SCRIPT_NAME] => /clientesPodologiaMIP/index.php
            [PHP_SELF] => /clientesPodologiaMIP/index.php
            [REQUEST_TIME_FLOAT] => 1534040380.848
            [REQUEST_TIME] => 1534040380
        )

)

--------------------------------------------------